[swyftmarkets.com/index.html]
[backblue.gif]
[fade.gif]
[index.html]
[swyftmarkets.com/wp-content/plugins/bdthemes-element-pack/assets/css/bdt-uikit2916.css]
[swyftmarkets.com/wp-content/plugins/bdthemes-element-pack/assets/css/ep-helper91f3.css]
[swyftmarkets.com/feed/index.html]
[swyftmarkets.com/wp-includes/css/dist/block-library/style.min6c2d.css]
[swyftmarkets.com/comments/feed/index.html]
[swyftmarkets.com/wp-content/plugins/woocommerce/packages/woocommerce-blocks/build/wc-blocks-vendors-style13cb.css]
[swyftmarkets.com/wp-content/plugins/woocommerce/packages/woocommerce-blocks/build/wc-blocks-style13cb.css]
[swyftmarkets.com/wp-content/plugins/woocommerce/assets/css/woocommerce-layout9156.css]
[swyftmarkets.com/wp-content/plugins/woocommerce/assets/css/woocommerce-smallscreen9156.css]
[swyftmarkets.com/wp-content/plugins/woocommerce/assets/css/woocommerce9156.css]
[swyftmarkets.com/wp-content/plugins/elementor/assets/lib/eicons/css/elementor-icons.mine127.css]
[swyftmarkets.com/wp-content/plugins/elementor/assets/css/frontend-lite.min2f56.css]
[swyftmarkets.com/wp-content/plugins/elementor-pro/assets/css/frontend-lite.minf3df.css]
[swyftmarkets.com/wp-content/uploads/elementor/css/post-923b28.css]
[swyftmarkets.com/wp-content/plugins/woo-altcoin-payment-gateway/assets/css/widgets.min4735.css]
[swyftmarkets.com/wp-content/uploads/uicore-global3f1c.css]
[swyftmarkets.com/wp-content/plugins/elementor/assets/lib/font-awesome/css/fontawesome.min52d5.css]
[swyftmarkets.com/wp-content/plugins/elementor/assets/lib/font-awesome/css/solid.min52d5.css]
[swyftmarkets.com/wp-content/plugins/elementor/assets/lib/font-awesome/css/brands.min52d5.css]
[swyftmarkets.com/wp-includes/js/jquery/jquery.minf43b.js]
[swyftmarkets.com/wp-includes/js/jquery/jquery-migrate.min5589.js]
[swyftmarkets.com/wp-content/plugins/woo-altcoin-payment-gateway/assets/js/wapg_ajax4735.js]
[swyftmarkets.com/wp-content/plugins/wp-staging-pro/assets/js/dist/wpstg-blank-loader6c2d.js]
[swyftmarkets.com/wp-json/index.html]
[swyftmarkets.com/wp-json/wp/v2/pages/92.json]
[swyftmarkets.com/xmlrpc0db0.php]
[swyftmarkets.com/wp-json/oembed/1.0/embed8722.json]
[swyftmarkets.com/wp-json/oembed/1.0/embedb591]
[swyftmarkets.com/wp-content/uploads/2025/03/swyfticon.png]
[swyftmarkets.com/wp-content/uploads/2025/03/swyft.png]
[swyftmarkets.com/app/account/register.html]
[swyftmarkets.com/faq/index.html]
[swyftmarkets.com/plans/index.html]
[swyftmarkets.com/about-us/index.html]
[swyftmarkets.com/app/account/login.html]
[swyftmarkets.com/contact-us/index.html]
[swyftmarkets.com/wp-content/uploads/2022/08/logo-1.png]
[swyftmarkets.com/wp-content/uploads/2022/08/logo-2.png]
[swyftmarkets.com/wp-content/uploads/2022/08/logo-3.png]
[swyftmarkets.com/wp-content/uploads/2022/08/logo-4.png]
[swyftmarkets.com/wp-content/uploads/2022/08/logo-5.png]
[swyftmarkets.com/wp-content/uploads/2022/08/logo-6.png]
[swyftmarkets.com/wp-content/uploads/2022/08/Crypto-Trading-Hero-Image-1.webp]
[swyftmarkets.com/wp-content/plugins/elementor-pro/assets/css/widget-animated-headline.min.css]
[swyftmarkets.com/wp-content/uploads/2023/07/Capture.png]
[swyftmarkets.com/wp-content/uploads/2022/08/Crypto-Trading-Users-Image.webp]
[swyftmarkets.com/wp-content/uploads/2022/08/sarah.jpg]
[s3.tradingview.com/external-embedding/embed-widget-screener.js]
[swyftmarkets.com/wp-content/uploads/2022/08/howard.jpg]
[swyftmarkets.com/wp-content/uploads/2022/08/keil.jpg]
[swyftmarkets.com/wp-content/uploads/2022/08/Crypto-Trading-CTA-Image1.webp]
[swyftmarkets.com/swyftmarkets.com/app/account/login.php]
[www.smartsuppchat.com/loader.js]
[swyftmarkets.com/wp-content/plugins/bdthemes-element-pack/assets/css/ep-total-count91f3.css]
[swyftmarkets.com/wp-content/plugins/bdthemes-element-pack/assets/css/ep-advanced-icon-box91f3.css]
[swyftmarkets.com/wp-content/plugins/woocommerce/assets/js/jquery-blockui/jquery.blockUI.min0c29.js]
[swyftmarkets.com/wp-content/plugins/woocommerce/assets/js/frontend/add-to-cart.min9156.js]
[swyftmarkets.com/wp-content/plugins/woocommerce/assets/js/js-cookie/js.cookie.min5a70.js]
[swyftmarkets.com/wp-content/plugins/woocommerce/assets/js/frontend/woocommerce.min9156.js]
[swyftmarkets.com/wp-content/plugins/woocommerce/assets/js/frontend/cart-fragments.min9156.js]
[swyftmarkets.com/wp-content/plugins/woo-altcoin-payment-gateway/assets/js/wapg_app.min4735.js]
[swyftmarkets.com/wp-content/uploads/uicore-global3f1c.js]
[swyftmarkets.com/wp-content/plugins/woo-altcoin-payment-gateway/assets/js/cs.widgets.min4735.js]
[swyftmarkets.com/wp-content/plugins/bdthemes-element-pack/assets/vendor/js/countUp.min1c12.js]
[swyftmarkets.com/wp-content/plugins/bdthemes-element-pack/assets/js/bdt-uikit.min2916.js]
[swyftmarkets.com/wp-content/plugins/elementor/assets/js/webpack.runtime.min2f56.js]
[swyftmarkets.com/wp-content/plugins/elementor/assets/js/frontend-modules.min2f56.js]
[swyftmarkets.com/wp-includes/js/jquery/ui/core.minb37e.js]
[swyftmarkets.com/wp-content/plugins/elementor/assets/js/frontend.min2f56.js]
[swyftmarkets.com/wp-content/plugins/bdthemes-element-pack/assets/js/modules/ep-total-count.min91f3.js]
[swyftmarkets.com/wp-content/plugins/bdthemes-element-pack/assets/js/modules/ep-advanced-icon-box.min91f3.js]
[swyftmarkets.com/wp-content/plugins/gtranslate/js/float6c2d.js]
[swyftmarkets.com/wp-content/plugins/bdthemes-element-pack/assets/js/common/helper.min91f3.js]
[swyftmarkets.com/wp-content/plugins/elementor-pro/assets/js/webpack-pro.runtime.minf3df.js]
[swyftmarkets.com/wp-includes/js/dist/hooks.min4fdd.js]
[swyftmarkets.com/wp-includes/js/dist/i18n.minc33c.js]
[swyftmarkets.com/wp-content/plugins/elementor-pro/assets/js/frontend.minf3df.js]
[swyftmarkets.com/wp-content/plugins/elementor-pro/assets/js/elements-handlers.minf3df.js]
[swyftmarkets.com/index.html]
[swyftmarkets.com/wp-content/plugins/bdthemes-element-pack/images/backgrounds/divider-icon.svg]
[swyftmarkets.com/wp-content/plugins/bdthemes-element-pack/images/backgrounds/list-bullet.svg]
[swyftmarkets.com/wp-content/plugins/bdthemes-element-pack/assets/images/backgrounds/form-select.svg]
[swyftmarkets.com/wp-content/plugins/bdthemes-element-pack/images/backgrounds/form-datalist.svg]
[swyftmarkets.com/wp-content/plugins/bdthemes-element-pack/assets/images/backgrounds/form-radio.svg]
[swyftmarkets.com/wp-content/plugins/bdthemes-element-pack/assets/images/backgrounds/form-checkbox.svg]
[swyftmarkets.com/wp-content/plugins/bdthemes-element-pack/assets/images/backgrounds/form-checkbox-indeterminate.svg]
[swyftmarkets.com/wp-content/plugins/bdthemes-element-pack/assets/images/backgrounds/nav-parent-close.svg]
[swyftmarkets.com/wp-content/plugins/bdthemes-element-pack/assets/images/backgrounds/nav-parent-open.svg]
[swyftmarkets.com/wp-content/plugins/bdthemes-element-pack/assets/css/bdt-uikit2916.css]
[swyftmarkets.com/wp-content/plugins/bdthemes-element-pack/assets/images/loading.svg]
[swyftmarkets.com/wp-content/plugins/bdthemes-element-pack/assets/css/ep-helper91f3.css]
[swyftmarkets.com/wp-includes/css/dist/block-library/style.min6c2d.css]
[swyftmarkets.com/wp-content/plugins/woocommerce/packages/woocommerce-blocks/build/wc-blocks-vendors-style13cb.css]
[swyftmarkets.com/wp-content/plugins/woocommerce/packages/woocommerce-blocks/build/wc-blocks-style13cb.css]
[swyftmarkets.com/wp-content/plugins/woocommerce/assets/css/woocommerce-layout9156.css]
[swyftmarkets.com/wp-content/plugins/woocommerce/assets/css/woocommerce-smallscreen9156.css]
[swyftmarkets.com/wp-content/plugins/woocommerce/assets/fonts/star.eot]
[swyftmarkets.com/wp-content/plugins/woocommerce/assets/fonts/stard41d.eot]
[swyftmarkets.com/wp-content/plugins/woocommerce/assets/fonts/star.woff]
[swyftmarkets.com/wp-content/plugins/woocommerce/assets/fonts/star.ttf]
[swyftmarkets.com/wp-content/plugins/woocommerce/assets/fonts/star.svg]
[swyftmarkets.com/wp-content/plugins/woocommerce/assets/fonts/WooCommerce.eot]
[swyftmarkets.com/wp-content/plugins/woocommerce/assets/fonts/WooCommerced41d.eot]
[swyftmarkets.com/wp-content/plugins/woocommerce/assets/fonts/WooCommerce.woff]
[swyftmarkets.com/wp-content/plugins/woocommerce/assets/fonts/WooCommerce.ttf]
[swyftmarkets.com/wp-content/plugins/woocommerce/assets/fonts/WooCommerce.svg]
[swyftmarkets.com/wp-content/plugins/woocommerce/assets/images/icons/credit-cards/visa.svg]
[swyftmarkets.com/wp-content/plugins/woocommerce/assets/images/icons/credit-cards/mastercard.svg]
[swyftmarkets.com/wp-content/plugins/woocommerce/assets/images/icons/credit-cards/laser.svg]
[swyftmarkets.com/wp-content/plugins/woocommerce/assets/images/icons/credit-cards/diners.svg]
[swyftmarkets.com/wp-content/plugins/woocommerce/assets/images/icons/credit-cards/maestro.svg]
[swyftmarkets.com/wp-content/plugins/woocommerce/assets/images/icons/credit-cards/jcb.svg]
[swyftmarkets.com/wp-content/plugins/woocommerce/assets/images/icons/credit-cards/amex.svg]
[swyftmarkets.com/wp-content/plugins/woocommerce/assets/images/icons/credit-cards/discover.svg]
[swyftmarkets.com/wp-content/plugins/woocommerce/assets/css/woocommerce9156.css]
[swyftmarkets.com/wp-content/plugins/elementor/assets/lib/eicons/fonts/eicons1ecc.woff2]
[swyftmarkets.com/wp-content/plugins/elementor/assets/lib/eicons/fonts/eicons1ecc.eot]
[swyftmarkets.com/wp-content/plugins/elementor/assets/lib/eicons/fonts/eicons1ecc.woff]
[swyftmarkets.com/wp-content/plugins/elementor/assets/lib/eicons/css/elementor-icons.mine127.css]
[swyftmarkets.com/wp-content/plugins/elementor/assets/css/frontend-lite.min2f56.css]
[swyftmarkets.com/wp-content/plugins/elementor-pro/assets/css/frontend-lite.minf3df.css]
[swyftmarkets.com/wp-content/plugins/elementor/assets/lib/eicons/fonts/eicons1ecc.ttf]
[swyftmarkets.com/wp-content/plugins/elementor/assets/lib/eicons/fonts/eicons1ecc.svg]
[swyftmarkets.com/wp-content/uploads/2022/08/Crypto-Trading-CTA-BG.webp]
[swyftmarkets.com/wp-content/uploads/elementor/css/post-923b28.css]
[swyftmarkets.com/wp-content/plugins/woo-altcoin-payment-gateway/assets/css/widgets.min4735.css]
[swyftmarkets.com/wp-content/plugins/uicore-framework/assets/css/img/select-arrow.svg]
[swyftmarkets.com/wp-content/themes/level-wp/assets/skin/level/fonts/uicore-iconse7a1.ttf]
[swyftmarkets.com/wp-content/themes/level-wp/assets/skin/level/fonts/uicore-iconse7a1.woff]
[swyftmarkets.com/wp-content/themes/level-wp/assets/skin/level/fonts/uicore-iconse7a1.svg]
[swyftmarkets.com/wp-content/uploads/uicore-global3f1c.css]
[swyftmarkets.com/wp-content/plugins/elementor/assets/lib/font-awesome/css/fontawesome.min52d5.css]
[swyftmarkets.com/wp-content/plugins/elementor/assets/lib/font-awesome/webfonts/fa-solid-900.eot]
[swyftmarkets.com/wp-content/plugins/elementor/assets/lib/font-awesome/webfonts/fa-solid-900d41d.eot]
[swyftmarkets.com/wp-content/plugins/elementor/assets/lib/font-awesome/webfonts/fa-solid-900.woff2]
[swyftmarkets.com/wp-content/plugins/elementor/assets/lib/font-awesome/webfonts/fa-solid-900.woff]
[swyftmarkets.com/wp-content/plugins/elementor/assets/lib/font-awesome/css/solid.min52d5.css]
[swyftmarkets.com/wp-content/plugins/elementor/assets/lib/font-awesome/webfonts/fa-solid-900.ttf]
[swyftmarkets.com/wp-content/plugins/elementor/assets/lib/font-awesome/webfonts/fa-solid-900.svg]
[swyftmarkets.com/wp-content/plugins/elementor/assets/lib/font-awesome/webfonts/fa-brands-400.eot]
[swyftmarkets.com/wp-content/plugins/elementor/assets/lib/font-awesome/webfonts/fa-brands-400d41d.eot]
[swyftmarkets.com/wp-content/plugins/elementor/assets/lib/font-awesome/webfonts/fa-brands-400.woff2]
[swyftmarkets.com/wp-content/plugins/elementor/assets/lib/font-awesome/webfonts/fa-brands-400.woff]
[swyftmarkets.com/wp-content/plugins/elementor/assets/lib/font-awesome/css/brands.min52d5.css]
[swyftmarkets.com/wp-content/plugins/elementor/assets/lib/font-awesome/webfonts/fa-brands-400.ttf]
[swyftmarkets.com/wp-content/uploads/elementor/css/post-241f7df.css]
[swyftmarkets.com/wp-content/plugins/uicore-framework/assets/fonts/themify-icons8a54.css]
[swyftmarkets.com/wp-content/plugins/elementor/assets/lib/font-awesome/webfonts/fa-brands-400.svg]
[swyftmarkets.com/wp-json/wp/v2/pages/241.json]
[swyftmarkets.com/wp-json/oembed/1.0/embed5f4d.json]
[swyftmarkets.com/wp-json/oembed/1.0/embed57ed]
[swyftmarkets.com/wp-content/uploads/2022/08/Financial-Reporting-FAQ-Image-1.webp]
[swyftmarkets.com/wp-content/uploads/2022/08/Financial-Reporting-FAQ-Image-2.webp]
[swyftmarkets.com/about-us/swyftmarkets.com/app/account/login.php]
[swyftmarkets.com/about-us/index.html]
[swyftmarkets.com/wp-content/uploads/elementor/css/post-2368ee3.css]
[swyftmarkets.com/wp-json/wp/v2/pages/236.json]
[swyftmarkets.com/wp-json/oembed/1.0/embed37ad.json]
[swyftmarkets.com/wp-json/oembed/1.0/embedb6d4]
[swyftmarkets.com/wp-content/plugins/elementor/assets/css/widget-icon-list.min.css]
[swyftmarkets.com/user/register]
[swyftmarkets.com/plans/swyftmarkets.com/app/account/login.php]
[swyftmarkets.com/plans/index.html]
[swyftmarkets.com/wp-content/uploads/elementor/css/post-333a38e.css]
[swyftmarkets.com/wp-json/wp/v2/pages/333.json]
[swyftmarkets.com/wp-json/oembed/1.0/embed7c76.json]
[swyftmarkets.com/wp-json/oembed/1.0/embedf042]
[swyftmarkets.com/faq/swyftmarkets.com/app/account/login.php]
[swyftmarkets.com/faq/index.html]
[swyftmarkets.com/wp-content/uploads/elementor/css/post-373c4b6.css]
[swyftmarkets.com/wp-json/wp/v2/pages/373.json]
[swyftmarkets.com/wp-json/oembed/1.0/embed364f.json]
[swyftmarkets.com/wp-json/oembed/1.0/embedaec0]
[swyftmarkets.com/contact-us/swyftmarkets.com/app/account/login.php]
[swyftmarkets.com/wp-content/plugins/bdthemes-element-pack/assets/css/ep-contact-form91f3.css]
[swyftmarkets.com/wp-content/plugins/bdthemes-element-pack/assets/js/modules/ep-contact-form.min91f3.js]
[swyftmarkets.com/contact-us/index.html]
[swyftmarkets.com/app/account/assets/css/custom.css]
[swyftmarkets.com/app/account/assets/img/logo.png]
[swyftmarkets.com/app/account/assets/css/7e73653276d97473.css]
[swyftmarkets.com/app/account/asset/img/logo.98.delayed]
[www.google.com/recaptcha/api408b.js]
[cdnjs.cloudflare.com/ajax/libs/font-awesome/6.5.0/css/all.min.css]
[cdnjs.cloudflare.com/ajax/libs/font-awesome/6.0.0-beta3/css/all.min.css]
[cdnjs.cloudflare.com/ajax/libs/sweetalert/1.1.3/sweetalert.min.css]
[cdnjs.cloudflare.com/ajax/libs/sweetalert/1.1.3/sweetalert.min.js]
[swyftmarkets.com/app/account/register.html]
[cdn.jsdelivr.net/npm/bootstrap@5.3.0/dist/css/bootstrap.min.css]
[swyftmarkets.com/app/account/assets/css/css/7e73653276d97473.css]
[swyftmarkets.com/app/account/reset.html]
[swyftmarkets.com/app/account/login.html]
[swyftmarkets.com/wp-content/plugins/elementor-pro/assets/css/widget-animated-headline.min.css]
[swyftmarkets.com/swyftmarkets.com/app/account/login.html]
[swyftmarkets.com/wp-content/plugins/bdthemes-element-pack/assets/css/ep-total-count91f3.css]
[swyftmarkets.com/wp-content/plugins/bdthemes-element-pack/assets/css/ep-advanced-icon-box91f3.css]
[swyftmarkets.com/wp-content/plugins/bdthemes-element-pack/images/backgrounds/divider-icon.html]
[swyftmarkets.com/wp-content/plugins/bdthemes-element-pack/images/backgrounds/list-bullet.html]
[swyftmarkets.com/wp-content/plugins/bdthemes-element-pack/assets/images/backgrounds/form-select.html]
[swyftmarkets.com/wp-content/plugins/bdthemes-element-pack/images/backgrounds/form-datalist.html]
[swyftmarkets.com/wp-content/plugins/bdthemes-element-pack/assets/images/backgrounds/form-radio.html]
[swyftmarkets.com/wp-content/plugins/bdthemes-element-pack/assets/images/backgrounds/form-checkbox.html]
[swyftmarkets.com/wp-content/plugins/bdthemes-element-pack/assets/images/backgrounds/form-checkbox-indeterminate.html]
[swyftmarkets.com/wp-content/plugins/bdthemes-element-pack/assets/images/backgrounds/nav-parent-close.html]
[swyftmarkets.com/wp-content/plugins/bdthemes-element-pack/assets/images/backgrounds/nav-parent-open.html]
[swyftmarkets.com/wp-content/plugins/bdthemes-element-pack/assets/images/loading.svg]
[swyftmarkets.com/wp-content/plugins/woocommerce/assets/fonts/star.svg]
[swyftmarkets.com/wp-content/plugins/woocommerce/assets/fonts/WooCommerce.svg]
[swyftmarkets.com/wp-content/plugins/woocommerce/assets/images/icons/loader.svg]
[swyftmarkets.com/wp-content/plugins/woocommerce/assets/images/icons/credit-cards/visa.svg]
[swyftmarkets.com/wp-content/plugins/woocommerce/assets/images/icons/credit-cards/mastercard.svg]
[swyftmarkets.com/wp-content/plugins/woocommerce/assets/images/icons/credit-cards/laser.svg]
[swyftmarkets.com/wp-content/plugins/woocommerce/assets/images/icons/credit-cards/diners.svg]
[swyftmarkets.com/wp-content/plugins/woocommerce/assets/images/icons/credit-cards/maestro.svg]
[swyftmarkets.com/wp-content/plugins/woocommerce/assets/images/icons/credit-cards/jcb.svg]
[swyftmarkets.com/wp-content/plugins/woocommerce/assets/images/icons/credit-cards/amex.svg]
[swyftmarkets.com/wp-content/plugins/woocommerce/assets/images/icons/credit-cards/discover.svg]
[swyftmarkets.com/wp-content/plugins/elementor/assets/lib/eicons/fonts/eicons1ecc.svg]
[swyftmarkets.com/wp-content/plugins/uicore-framework/assets/css/img/select-arrow.html]
[swyftmarkets.com/wp-content/themes/level-wp/assets/skin/level/fonts/uicore-iconse7a1.svg]
[swyftmarkets.com/wp-content/plugins/elementor/assets/lib/font-awesome/webfonts/fa-solid-900.svg]
[swyftmarkets.com/wp-content/plugins/elementor/assets/lib/font-awesome/webfonts/fa-brands-400.svg]
[swyftmarkets.com/wp-content/uploads/elementor/css/post-241f7df.css]
[swyftmarkets.com/wp-content/plugins/uicore-framework/assets/fonts/themify9f24.eot]
[swyftmarkets.com/wp-content/plugins/uicore-framework/assets/fonts/themifyd41d.eot]
[swyftmarkets.com/wp-content/plugins/uicore-framework/assets/fonts/themify9f24.woff]
[swyftmarkets.com/wp-content/plugins/uicore-framework/assets/fonts/themify9f24.ttf]
[swyftmarkets.com/wp-content/plugins/uicore-framework/assets/fonts/themify-icons8a54.css]
[swyftmarkets.com/index03e1.html]
[swyftmarkets.com/about-us/swyftmarkets.com/app/account/login.html]
[swyftmarkets.com/wp-content/uploads/elementor/css/post-2368ee3.css]
[swyftmarkets.com/index0133.html]
[swyftmarkets.com/wp-content/plugins/elementor/assets/css/widget-icon-list.min.css]
[swyftmarkets.com/user/register.html]
[swyftmarkets.com/plans/swyftmarkets.com/app/account/login.html]
[swyftmarkets.com/wp-content/uploads/elementor/css/post-333a38e.css]
[swyftmarkets.com/indexf604.html]
[swyftmarkets.com/faq/swyftmarkets.com/app/account/login.html]
[swyftmarkets.com/wp-content/uploads/elementor/css/post-373c4b6.css]
[swyftmarkets.com/index7080.html]
[swyftmarkets.com/contact-us/swyftmarkets.com/app/account/login.html]
[swyftmarkets.com/wp-content/plugins/bdthemes-element-pack/assets/css/ep-contact-form91f3.css]
[swyftmarkets.com/wp-content/plugins/uicore-framework/assets/fonts/themify9f24.svg]
[swyftmarkets.com/app/account/assets/img/c01-bg-d3d0d173d5d6a330c063f0ef0a9e611c.jpg]
[swyftmarkets.com/_next/static/images/corner.png]
[swyftmarkets.com/app/account/assets/assets/images/corner.png]
[swyftmarkets.com/app/account/assets/css/custom.css]
[swyftmarkets.com/app/account/assets/media/avatar-placeholder.796725e9.png]
[swyftmarkets.com/app/account/assets/media/crm-base-font.9f525a54.eot]
[swyftmarkets.com/app/account/assets/media/crm-base-font.9f525a54d41dd41d.eot]
[swyftmarkets.com/app/account/assets/media/crm-base-font.5164d71b.woff]
[swyftmarkets.com/app/account/assets/media/crm-base-font.b6de173e.ttf]
[swyftmarkets.com/app/account/assets/media/crm-base-font.c38ede78.svg]
[swyftmarkets.com/app/account/assets/media/fontawesome-webfont.2b13baa7.eot]
[swyftmarkets.com/app/account/assets/media/fontawesome-webfont.2b13baa7d41dd41d.eot]
[swyftmarkets.com/app/account/assets/media/fontawesome-webfont.e9955780.woff2]
[swyftmarkets.com/app/account/assets/media/fontawesome-webfont.cf011583.woff]
[swyftmarkets.com/app/account/assets/media/fontawesome-webfont.8a7cb27d.ttf]
[swyftmarkets.com/app/account/assets/media/fontawesome-webfont.da909aa0.svg]
[swyftmarkets.com/app/account/assets/css/7e73653276d97473.css]
[swyftmarkets.com/app/account/asset/img/logo.html]
[cdnjs.cloudflare.com/ajax/libs/font-awesome/6.5.0/css/all.min.css]
[cdnjs.cloudflare.com/ajax/libs/font-awesome/6.0.0-beta3/css/all.min.css]
[cdnjs.cloudflare.com/ajax/libs/sweetalert/1.1.3/sweetalert.min.css]
[cdn.jsdelivr.net/npm/bootstrap@5.3.0/dist/css/bootstrap.min.css]
[swyftmarkets.com/app/account/assets/css/css/7e73653276d97473.html]
[swyftmarkets.com/app/account/asset/css/7e73653276d97473.b5.delayed]
[swyftmarkets.com/app/account/login-2.html]
[swyftmarkets.com/app/account/reset.html]
[swyftmarkets.com/wp-content/plugins/uicore-framework/assets/fonts/themify9f24.svg]
[swyftmarkets.com/_next/static/images/corner.html]
[swyftmarkets.com/app/account/assets/assets/images/corner.html]
[swyftmarkets.com/app/account/assets/media/avatar-placeholder.796725e9.html]
[swyftmarkets.com/app/account/assets/media/crm-base-font.9f525a54.html]
[swyftmarkets.com/app/account/assets/media/crm-base-font.9f525a54d41dd41d.html]
[swyftmarkets.com/app/account/assets/media/crm-base-font.5164d71b.html]
[swyftmarkets.com/app/account/assets/media/crm-base-font.b6de173e.html]
[swyftmarkets.com/app/account/assets/media/crm-base-font.c38ede78.html]
[swyftmarkets.com/app/account/assets/media/fontawesome-webfont.2b13baa7.html]
[swyftmarkets.com/app/account/assets/media/fontawesome-webfont.2b13baa7d41dd41d.html]
[swyftmarkets.com/app/account/assets/media/fontawesome-webfont.e9955780.html]
[swyftmarkets.com/app/account/assets/media/fontawesome-webfont.cf011583.html]
[swyftmarkets.com/app/account/assets/media/fontawesome-webfont.8a7cb27d.html]
[swyftmarkets.com/app/account/assets/media/fontawesome-webfont.da909aa0.html]
[swyftmarkets.com/app/account/asset/css/7e73653276d97473.html]
[swyftmarkets.com/app/account/login-2.html]
[app.chaport.com/javascripts/insert.js]
